<?xml version="1.0" encoding="UTF-8"?>
<testsuite name="com.example.CarRental.CarRentalApplicationTests" tests="1" skipped="0" failures="0" errors="0" timestamp="2019-11-15T13:33:12" hostname="DESKTOP-PQACNHD" time="0.434">
  <properties/>
  <testcase name="contextLoads()" classname="com.example.CarRental.CarRentalApplicationTests" time="0.434"/>
  <system-out><![CDATA[14:33:09.859 [Test worker] DEBUG org.springframework.test.context.BootstrapUtils - Instantiating CacheAwareContextLoaderDelegate from class [org.springframework.test.context.cache.DefaultCacheAwareContextLoaderDelegate]
14:33:09.874 [Test worker] DEBUG org.springframework.test.context.BootstrapUtils - Instantiating BootstrapContext using constructor [public org.springframework.test.context.support.DefaultBootstrapContext(java.lang.Class,org.springframework.test.context.CacheAwareContextLoaderDelegate)]
14:33:09.921 [Test worker] DEBUG org.springframework.test.context.BootstrapUtils - Instantiating TestContextBootstrapper for test class [com.example.CarRental.CarRentalApplicationTests] from class [org.springframework.boot.test.context.SpringBootTestContextBootstrapper]
14:33:09.953 [Test worker] INFO org.springframework.boot.test.context.SpringBootTestContextBootstrapper - Neither @ContextConfiguration nor @ContextHierarchy found for test class [com.example.CarRental.CarRentalApplicationTests], using SpringBootContextLoader
14:33:09.953 [Test worker] DEBUG org.springframework.test.context.support.AbstractContextLoader - Did not detect default resource location for test class [com.example.CarRental.CarRentalApplicationTests]: class path resource [com/example/CarRental/CarRentalApplicationTests-context.xml] does not exist
14:33:09.953 [Test worker] DEBUG org.springframework.test.context.support.AbstractContextLoader - Did not detect default resource location for test class [com.example.CarRental.CarRentalApplicationTests]: class path resource [com/example/CarRental/CarRentalApplicationTestsContext.groovy] does not exist
14:33:09.953 [Test worker] INFO org.springframework.test.context.support.AbstractContextLoader - Could not detect default resource locations for test class [com.example.CarRental.CarRentalApplicationTests]: no resource found for suffixes {-context.xml, Context.groovy}.
14:33:09.953 [Test worker] INFO org.springframework.test.context.support.AnnotationConfigContextLoaderUtils - Could not detect default configuration classes for test class [com.example.CarRental.CarRentalApplicationTests]: CarRentalApplicationTests does not declare any static, non-private, non-final, nested classes annotated with @Configuration.
14:33:10.015 [Test worker] DEBUG org.springframework.test.context.support.ActiveProfilesUtils - Could not find an 'annotation declaring class' for annotation type [org.springframework.test.context.ActiveProfiles] and class [com.example.CarRental.CarRentalApplicationTests]
14:33:10.093 [Test worker] DEBUG org.springframework.context.annotation.ClassPathScanningCandidateComponentProvider - Identified candidate component class: file [C:\Users\Gustave\Desktop\M1\Cloud\CarRental\build\classes\java\main\com\example\CarRental\CarRentalApplication.class]
14:33:10.093 [Test worker] INFO org.springframework.boot.test.context.SpringBootTestContextBootstrapper - Found @SpringBootConfiguration com.example.CarRental.CarRentalApplication for test class com.example.CarRental.CarRentalApplicationTests
14:33:10.234 [Test worker] DEBUG org.springframework.boot.test.context.SpringBootTestContextBootstrapper - @TestExecutionListeners is not present for class [com.example.CarRental.CarRentalApplicationTests]: using defaults.
14:33:10.234 [Test worker] INFO org.springframework.boot.test.context.SpringBootTestContextBootstrapper - Loaded default TestExecutionListener class names from location [META-INF/spring.factories]: [org.springframework.boot.test.autoconfigure.restdocs.RestDocsTestExecutionListener, org.springframework.boot.test.autoconfigure.web.client.MockRestServiceServerResetTestExecutionListener, org.springframework.boot.test.autoconfigure.web.servlet.MockMvcPrintOnlyOnFailureTestExecutionListener, org.springframework.boot.test.autoconfigure.web.servlet.WebDriverTestExecutionListener, org.springframework.boot.test.mock.mockito.MockitoTestExecutionListener, org.springframework.boot.test.mock.mockito.ResetMocksTestExecutionListener, org.springframework.test.context.web.ServletTestExecutionListener, org.springframework.test.context.support.DirtiesContextBeforeModesTestExecutionListener, org.springframework.test.context.support.DependencyInjectionTestExecutionListener, org.springframework.test.context.support.DirtiesContextTestExecutionListener, org.springframework.test.context.transaction.TransactionalTestExecutionListener, org.springframework.test.context.jdbc.SqlScriptsTestExecutionListener, org.springframework.test.context.event.EventPublishingTestExecutionListener]
14:33:10.249 [Test worker] DEBUG org.springframework.boot.test.context.SpringBootTestContextBootstrapper - Skipping candidate TestExecutionListener [org.springframework.test.context.transaction.TransactionalTestExecutionListener] due to a missing dependency. Specify custom listener classes or make the default listener classes and their required dependencies available. Offending class: [org/springframework/transaction/interceptor/TransactionAttributeSource]
14:33:10.249 [Test worker] DEBUG org.springframework.boot.test.context.SpringBootTestContextBootstrapper - Skipping candidate TestExecutionListener [org.springframework.test.context.jdbc.SqlScriptsTestExecutionListener] due to a missing dependency. Specify custom listener classes or make the default listener classes and their required dependencies available. Offending class: [org/springframework/transaction/interceptor/TransactionAttribute]
14:33:10.265 [Test worker] INFO org.springframework.boot.test.context.SpringBootTestContextBootstrapper - Using TestExecutionListeners: [org.springframework.test.context.web.ServletTestExecutionListener@3fd2e554, org.springframework.test.context.support.DirtiesContextBeforeModesTestExecutionListener@4979e8c5, org.springframework.boot.test.mock.mockito.MockitoTestExecutionListener@eb5eab3, org.springframework.boot.test.autoconfigure.SpringBootDependencyInjectionTestExecutionListener@40585565, org.springframework.test.context.support.DirtiesContextTestExecutionListener@6808e07f, org.springframework.test.context.event.EventPublishingTestExecutionListener@6e31027b, org.springframework.boot.test.autoconfigure.restdocs.RestDocsTestExecutionListener@4f708d7c, org.springframework.boot.test.autoconfigure.web.client.MockRestServiceServerResetTestExecutionListener@4d010a8a, org.springframework.boot.test.autoconfigure.web.servlet.MockMvcPrintOnlyOnFailureTestExecutionListener@62a5004d, org.springframework.boot.test.autoconfigure.web.servlet.WebDriverTestExecutionListener@4e1f4b8, org.springframework.boot.test.mock.mockito.ResetMocksTestExecutionListener@4f318235]
14:33:10.265 [Test worker] DEBUG org.springframework.test.context.support.AbstractDirtiesContextTestExecutionListener - Before test class: context [DefaultTestContext@43eb5c4e testClass = CarRentalApplicationTests, testInstance = [null], testMethod = [null], testException = [null], mergedContextConfiguration = [WebMergedContextConfiguration@1cf6f08b testClass = CarRentalApplicationTests, locations = '{}', classes = '{class com.example.CarRental.CarRentalApplication}', contextInitializerClasses = '[]', activeProfiles = '{}', propertySourceLocations = '{}', propertySourceProperties = '{org.springframework.boot.test.context.SpringBootTestContextBootstrapper=true}', contextCustomizers = set[org.springframework.boot.test.autoconfigure.properties.PropertyMappingContextCustomizer@0, org.springframework.boot.test.autoconfigure.web.servlet.WebDriverContextCustomizerFactory$Customizer@29b6c77e, org.springframework.boot.test.context.filter.ExcludeFilterContextCustomizer@5e106237, org.springframework.boot.test.json.DuplicateJsonObjectContextCustomizerFactory$DuplicateJsonObjectContextCustomizer@38d9992a, org.springframework.boot.test.mock.mockito.MockitoContextCustomizer@0, org.springframework.boot.test.web.client.TestRestTemplateContextCustomizer@4eb2a826], resourceBasePath = 'src/main/webapp', contextLoader = 'org.springframework.boot.test.context.SpringBootContextLoader', parent = [null]], attributes = map['org.springframework.test.context.web.ServletTestExecutionListener.activateListener' -> true]], class annotated with @DirtiesContext [false] with mode [null].
14:33:10.312 [Test worker] DEBUG org.springframework.test.context.support.TestPropertySourceUtils - Adding inlined properties to environment: {spring.jmx.enabled=false, org.springframework.boot.test.context.SpringBootTestContextBootstrapper=true, server.port=-1}

  .   ____          _            __ _ _
 /\\ / ___'_ __ _ _(_)_ __  __ _ \ \ \ \
( ( )\___ | '_ | '_| | '_ \/ _` | \ \ \ \
 \\/  ___)| |_)| | | | | || (_| |  ) ) ) )
  '  |____| .__|_| |_|_| |_\__, | / / / /
 =========|_|==============|___/=/_/_/_/
 :: Spring Boot ::        (v2.2.1.RELEASE)

2019-11-15 14:33:10.718  INFO 25660 --- [    Test worker] c.e.CarRental.CarRentalApplicationTests  : Starting CarRentalApplicationTests on DESKTOP-PQACNHD with PID 25660 (started by Gustave in C:\Users\Gustave\Desktop\M1\Cloud\CarRental)
2019-11-15 14:33:10.718  INFO 25660 --- [    Test worker] c.e.CarRental.CarRentalApplicationTests  : No active profile set, falling back to default profiles: default
2019-11-15 14:33:12.263  INFO 25660 --- [    Test worker] o.s.s.concurrent.ThreadPoolTaskExecutor  : Initializing ExecutorService 'applicationTaskExecutor'
2019-11-15 14:33:12.610  INFO 25660 --- [    Test worker] c.e.CarRental.CarRentalApplicationTests  : Started CarRentalApplicationTests in 2.281 seconds (JVM running for 4.267)
]]></system-out>
  <system-err><![CDATA[]]></system-err>
</testsuite>
